05-11 15:16:22 archive_project.action_archive_project 101:Archive plugin version: 26 started
05-11 15:16:28 archive_project.action_archive_project 157:Starting archiving only schematics
05-11 15:16:28 archive_project.archive_project 131:Starting to archive symbols
05-11 15:16:28 archive_project.archive_project 138:Pcb filename:C:/Users/FIX-4/Desktop/Github/BeerSpeed/4_Fabrication/Version_00/C_KiCad/beer-speed/beer-speed.kicad_pcb
05-11 15:16:28 archive_project.archive_project 150:Kicad config path: C:\Users\FIX-4\AppData\Roaming\kicad
05-11 15:16:28 archive_project.archive_project 220:Entering archive library in sym-lib-table
05-11 15:16:28 archive_project.archive_project 309:found all subsheets
05-11 15:16:28 archive_project.archive_project 317:Archiving file: C:\Users\FIX-4\Desktop\Github\BeerSpeed\4_Fabrication\Version_00\C_KiCad\beer-speed\beer-speed.sch
05-11 15:16:28 archive_project.archive_project 458:Writing schematics file(s)
05-11 15:16:29 archive_project.action_archive_project 202:Starting 3D model archiving
05-11 15:16:29 archive_project.archive_project 473:Starting to archive 3D models
05-11 15:16:29 archive_project.archive_project 485:KISYS3DMOD path: C:\Users\FIX-4\Desktop\KICAD\Librairies\KICAD_LIB\kicad-packages3D
05-11 15:16:29 archive_project.archive_project 512:Trying to copy: ${KISYS3DMOD}/Crystal.3dshapes/Crystal_SMD_HC49-SD.wrl
05-11 15:16:29 archive_project.archive_project 565:Remapping: ${KISYS3DMOD}/Crystal.3dshapes/Crystal_SMD_HC49-SD.wrl
05-11 15:16:29 archive_project.archive_project 512:Trying to copy: ${KISYS3DMOD}/Package_QFP.3dshapes/TQFP-48_7x7mm_P0.5mm.wrl
05-11 15:16:29 archive_project.archive_project 565:Remapping: ${KISYS3DMOD}/Package_QFP.3dshapes/TQFP-48_7x7mm_P0.5mm.wrl
05-11 15:16:29 archive_project.archive_project 512:Trying to copy: C:/Users/FIX-4/Desktop/Github/BeerSpeed/4_Fabrication/Version_00/C_KiCad/_3D_STEPS/TM1000Q.stp
05-11 15:16:29 archive_project.archive_project 565:Remapping: C:/Users/FIX-4/Desktop/Github/BeerSpeed/4_Fabrication/Version_00/C_KiCad/_3D_STEPS/TM1000Q.stp
05-11 15:16:29 archive_project.archive_project 512:Trying to copy: C:/Users/FIX-4/Desktop/Github/BeerSpeed/4_Fabrication/Version_00/C_KiCad/_3D_STEPS/EG1213.stp
05-11 15:16:29 archive_project.archive_project 565:Remapping: C:/Users/FIX-4/Desktop/Github/BeerSpeed/4_Fabrication/Version_00/C_KiCad/_3D_STEPS/EG1213.stp
05-11 15:16:29 archive_project.archive_project 512:Trying to copy: ${KISYS3DMOD}/Resistor_SMD.3dshapes/R_1206_3216Metric.wrl
05-11 15:16:29 archive_project.archive_project 565:Remapping: ${KISYS3DMOD}/Resistor_SMD.3dshapes/R_1206_3216Metric.wrl
05-11 15:16:29 archive_project.archive_project 512:Trying to copy: ${KISYS3DMOD}/Connector_PinHeader_2.54mm.3dshapes/PinHeader_2x03_P2.54mm_Vertical.wrl
05-11 15:16:29 archive_project.archive_project 565:Remapping: ${KISYS3DMOD}/Connector_PinHeader_2.54mm.3dshapes/PinHeader_2x03_P2.54mm_Vertical.wrl
05-11 15:16:29 archive_project.archive_project 512:Trying to copy: ${KISYS3DMOD}/Capacitor_SMD.3dshapes/C_0805_2012Metric.wrl
05-11 15:16:29 archive_project.archive_project 565:Remapping: ${KISYS3DMOD}/Capacitor_SMD.3dshapes/C_0805_2012Metric.wrl
05-11 15:16:29 archive_project.archive_project 512:Trying to copy: ${KISYS3DMOD}/Capacitor_SMD.3dshapes/C_0805_2012Metric.wrl
05-11 15:16:29 archive_project.archive_project 565:Remapping: ${KISYS3DMOD}/Capacitor_SMD.3dshapes/C_0805_2012Metric.wrl
05-11 15:16:29 archive_project.archive_project 512:Trying to copy: C:/Users/FIX-4/Desktop/Github/BeerSpeed/4_Fabrication/Version_00/C_KiCad/_3D_STEPS/BS-7.STEP
05-11 15:16:29 archive_project.archive_project 565:Remapping: C:/Users/FIX-4/Desktop/Github/BeerSpeed/4_Fabrication/Version_00/C_KiCad/_3D_STEPS/BS-7.STEP
